2020-12-14 21:05:21,669  INFO [main] Logreports:26 - Yatra.com | Delhi to Mumbai flights
2020-12-14 21:16:34,864  INFO [main] Logreports:26 - Flight, Cheap Air Tickets , Hotels, Holiday, Trains Package Booking - Yatra.com
2020-12-14 21:17:45,123  INFO [main] Logreports:26 - Flight, Cheap Air Tickets , Hotels, Holiday, Trains Package Booking - Yatra.com
2020-12-14 21:23:29,602  INFO [main] Logreports:26 - Flight, Cheap Air Tickets , Hotels, Holiday, Trains Package Booking - Yatra.com
2020-12-14 21:34:16,517  INFO [main] Logreports:26 - Flight, Cheap Air Tickets , Hotels, Holiday, Trains Package Booking - Yatra.com
2020-12-14 21:35:58,063  INFO [main] Logreports:26 - Flight, Cheap Air Tickets , Hotels, Holiday, Trains Package Booking - Yatra.com
2020-12-14 21:38:23,717  INFO [main] Logreports:26 - Flight, Cheap Air Tickets , Hotels, Holiday, Trains Package Booking - Yatra.com
2020-12-14 21:39:54,041  INFO [main] Logreports:26 - assertion passed:
2020-12-14 21:43:50,526  INFO [main] Logreports:26 - Yatra.com | Aizwal to Delhi flights
2020-12-14 21:46:12,948  INFO [main] Logreports:26 - Flight, Cheap Air Tickets , Hotels, Holiday, Trains Package Booking - Yatra.com
2020-12-14 21:52:42,362  INFO [main] Logreports:26 - Yatra.com | Delhi to Chennai flights
2020-12-14 21:52:43,205  INFO [main] Logreports:26 - assertion passed:
2020-12-14 22:00:02,101  INFO [main] Logreports:26 - Yatra.com | Delhi to Chennai flights
2020-12-14 22:00:02,850  INFO [main] Logreports:26 - assertion passed:43,963
2020-12-14 22:00:10,365  INFO [main] Logreports:26 - assertion passed:Review Your Booking
2020-12-14 22:00:10,416  INFO [main] Logreports:26 - assertion passed:13:15
2020-12-14 22:00:10,459  INFO [main] Logreports:26 - assertion passed:06:10
2020-12-14 22:00:11,025  INFO [main] Logreports:26 - assertion passed:16:00
2020-12-14 22:00:11,069  INFO [main] Logreports:26 - assertion passed:09:00
2020-12-14 22:08:07,826  INFO [main] Logreports:26 - Yatra.com | Delhi to Chennai flights
2020-12-14 22:08:08,621  INFO [main] Logreports:26 - assertion passed:43,963
2020-12-14 22:08:18,980  INFO [main] Logreports:26 - assertion passed:Review Your Booking
2020-12-14 22:08:19,074  INFO [main] Logreports:26 - assertion passed:13:15
2020-12-14 22:08:19,115  INFO [main] Logreports:26 - assertion passed:06:10
2020-12-14 22:08:19,154  INFO [main] Logreports:26 - assertion passed:16:00
2020-12-14 22:08:19,196  INFO [main] Logreports:26 - assertion passed:09:00
2020-12-14 22:58:27,106  INFO [main] Logreports:26 - Yatra.com | Delhi to Chennai flights
2020-12-14 22:58:27,905  INFO [main] Logreports:26 - assertion passed:43,963
2020-12-14 22:58:37,895  INFO [main] Logreports:26 - assertion passed:Review Your Booking
2020-12-14 22:58:38,113  INFO [main] Logreports:26 - assertion passed:13:15
2020-12-14 22:58:38,270  INFO [main] Logreports:26 - assertion passed:06:10
2020-12-14 22:58:38,346  INFO [main] Logreports:26 - assertion passed:16:00
2020-12-14 22:58:38,503  INFO [main] Logreports:26 - assertion passed:09:00
2020-12-14 22:58:38,598  INFO [main] Logreports:26 - assertion passed:09:00
2020-12-14 22:58:38,751  INFO [main] Logreports:26 - assertion passed:Air India
AI - 440
2020-12-14 23:06:44,455  INFO [main] Logreports:26 - Yatra.com | Delhi to Chennai flights
2020-12-14 23:06:45,302  INFO [main] Logreports:26 - assertion passed:43,963
2020-12-14 23:06:53,366  INFO [main] Logreports:26 - assertion passed:Review Your Booking
2020-12-14 23:06:53,444  INFO [main] Logreports:26 - assertion passed:13:15
2020-12-14 23:06:53,493  INFO [main] Logreports:26 - assertion passed:06:10
2020-12-14 23:06:53,612  INFO [main] Logreports:26 - assertion passed:16:00
2020-12-14 23:06:53,744  INFO [main] Logreports:26 - assertion passed:09:00
2020-12-14 23:06:53,823  INFO [main] Logreports:26 - assertion passed:09:00
2020-12-14 23:06:53,916  INFO [main] Logreports:26 - assertion passed:Air India
AI - 440
2020-12-14 23:18:31,791  INFO [main] Logreports:26 - element is dispalyed
2020-12-15 09:39:08,397  INFO [main] Logreports:26 - Yatra.com | Delhi to Chennai flights
2020-12-15 09:39:09,701  INFO [main] Logreports:26 - assertion passed:43,963
2020-12-15 09:39:18,796  INFO [main] Logreports:26 - assertion passed:Review Your Booking
2020-12-15 09:39:18,978  INFO [main] Logreports:26 - assertion passed:13:15
2020-12-15 09:39:19,025  INFO [main] Logreports:26 - assertion passed:06:10
2020-12-15 09:39:19,115  INFO [main] Logreports:26 - assertion passed:16:00
2020-12-15 09:39:19,196  INFO [main] Logreports:26 - assertion passed:09:00
2020-12-15 09:39:19,318  INFO [main] Logreports:26 - assertion passed:Vistara Business
UK - 837
2020-12-15 09:39:19,370  INFO [main] Logreports:26 - assertion passed:Air India
AI - 440
2020-12-15 09:43:28,775  INFO [main] Logreports:26 - Flight, Cheap Air Tickets , Hotels, Holiday, Trains Package Booking - Yatra.com
2020-12-15 09:46:29,673  INFO [main] Logreports:26 - Yatra.com | Delhi to Chennai flights
2020-12-15 09:46:30,368  INFO [main] Logreports:26 - assertion passed:43,963
2020-12-15 09:46:37,510  INFO [main] Logreports:26 - assertion passed:Review Your Booking
2020-12-15 09:46:37,695  INFO [main] Logreports:26 - assertion passed:13:15
2020-12-15 09:46:37,741  INFO [main] Logreports:26 - assertion passed:06:10
2020-12-15 09:46:37,809  INFO [main] Logreports:26 - assertion passed:16:00
2020-12-15 09:46:37,942  INFO [main] Logreports:26 - assertion passed:09:00
2020-12-15 09:46:38,085  INFO [main] Logreports:26 - assertion passed:Vistara Business
UK - 837
2020-12-15 09:46:38,181  INFO [main] Logreports:26 - assertion passed:Air India
AI - 440
2020-12-15 10:01:09,464  INFO [main] Logreports:26 - chrome launched successfully
2020-12-15 10:01:24,868  INFO [main] Logreports:26 - url launched successfully
2020-12-15 10:02:11,903  INFO [main] Logreports:26 - chrome launched successfully
2020-12-15 10:02:25,894  INFO [main] Logreports:26 - url launched successfully
2020-12-15 10:02:29,314  INFO [main] Logreports:26 - element is dispalyed
2020-12-15 10:08:22,983  INFO [main] Logreports:26 - chrome launched successfully
2020-12-15 10:08:37,772  INFO [main] Logreports:26 - url launched successfully
2020-12-15 10:09:14,542  INFO [main] Logreports:26 - Yatra.com | Delhi to Chennai flights
2020-12-15 10:09:15,211  INFO [main] Logreports:26 - assertion passed:43,963
2020-12-15 10:09:22,588  INFO [main] Logreports:26 - assertion passed:Review Your Booking
2020-12-15 10:09:22,667  INFO [main] Logreports:26 - assertion passed:13:15
2020-12-15 10:09:22,957  INFO [main] Logreports:26 - assertion passed:06:10
2020-12-15 10:09:23,051  INFO [main] Logreports:26 - assertion passed:16:00
2020-12-15 10:09:23,113  INFO [main] Logreports:26 - assertion passed:09:00
2020-12-15 10:09:23,266  INFO [main] Logreports:26 - assertion passed:Vistara Business
UK - 837
2020-12-15 10:09:23,337  INFO [main] Logreports:26 - assertion passed:Air India
AI - 440
2020-12-15 10:19:49,818  INFO [main] Logreports:26 - chrome launched successfully
2020-12-15 10:20:11,654  INFO [main] Logreports:26 - url launched successfully
2020-12-15 10:20:56,848  INFO [main] Logreports:26 - Yatra.com | Delhi to Chennai flights
2020-12-15 10:20:57,608  INFO [main] Logreports:26 - assertion passed:43,963
2020-12-15 10:21:07,462  INFO [main] Logreports:26 - assertion passed:Review Your Booking
2020-12-15 10:21:07,568  INFO [main] Logreports:26 - assertion passed:13:15
2020-12-15 10:21:07,616  INFO [main] Logreports:26 - assertion passed:06:10
2020-12-15 10:21:07,778  INFO [main] Logreports:26 - assertion passed:16:00
2020-12-15 10:21:07,862  INFO [main] Logreports:26 - assertion passed:09:00
2020-12-15 10:21:07,908  INFO [main] Logreports:26 - assertion passed:Vistara Business
UK - 837
2020-12-15 10:21:07,957  INFO [main] Logreports:26 - assertion passed:Air India
AI - 440
2020-12-15 10:23:33,044  INFO [main] Logreports:26 - chrome launched successfully
2020-12-15 10:23:50,250  INFO [main] Logreports:26 - url launched successfully
2020-12-15 10:24:30,697  INFO [main] Logreports:26 - chrome launched successfully
2020-12-15 10:24:43,473  INFO [main] Logreports:26 - url launched successfully
2020-12-15 10:25:16,443  INFO [main] Logreports:26 - Yatra.com | Delhi to Chennai flights
2020-12-15 10:25:17,105  INFO [main] Logreports:26 - assertion passed:43,963
2020-12-15 10:25:23,409  INFO [main] Logreports:26 - assertion passed:Review Your Booking
2020-12-15 10:25:23,484  INFO [main] Logreports:26 - assertion passed:13:15
2020-12-15 10:25:23,533  INFO [main] Logreports:26 - assertion passed:06:10
2020-12-15 10:25:23,602  INFO [main] Logreports:26 - assertion passed:16:00
2020-12-15 10:25:23,747  INFO [main] Logreports:26 - assertion passed:09:00
2020-12-15 10:25:23,810  INFO [main] Logreports:26 - assertion passed:Vistara Business
UK - 837
2020-12-15 10:25:23,948  INFO [main] Logreports:26 - assertion passed:Air India
AI - 440
2020-12-15 10:40:50,627  INFO [main] Logreports:26 - chrome launched successfully
2020-12-15 10:40:59,344  INFO [main] Logreports:26 - url launched successfully
2020-12-15 10:41:39,805  INFO [main] Logreports:26 - Yatra.com | Delhi to Chennai flights
2020-12-15 10:41:40,407  INFO [main] Logreports:26 - assertion passed:43,963
2020-12-15 10:41:46,783  INFO [main] Logreports:26 - assertion passed:Review Your Booking
2020-12-15 10:41:46,931  INFO [main] Logreports:26 - assertion passed:13:15
2020-12-15 10:41:46,985  INFO [main] Logreports:26 - assertion passed:06:10
2020-12-15 10:41:47,046  INFO [main] Logreports:26 - assertion passed:16:00
2020-12-15 10:41:47,102  INFO [main] Logreports:26 - assertion passed:09:00
2020-12-15 10:41:47,300  INFO [main] Logreports:26 - assertion passed:Vistara Business
UK - 837
2020-12-15 10:41:47,405  INFO [main] Logreports:26 - assertion passed:Air India
AI - 440
2020-12-15 10:41:52,890  INFO [main] Logreports:26 - chrome launched successfully
2020-12-15 10:42:01,714  INFO [main] Logreports:26 - url launched successfully
2020-12-15 10:42:04,066  INFO [main] Logreports:26 - element is dispalyed
2020-12-15 11:20:48,310  INFO [main] Logreports:26 - chrome launched successfully
2020-12-15 11:21:03,545  INFO [main] Logreports:26 - url launched successfully
2020-12-15 11:23:51,193  INFO [main] Logreports:26 - chrome launched successfully
2020-12-15 11:24:03,038  INFO [main] Logreports:26 - url launched successfully
2020-12-15 11:25:11,746  INFO [main] Logreports:26 - chrome launched successfully
2020-12-15 11:25:23,945  INFO [main] Logreports:26 - url launched successfully
2020-12-15 11:25:57,977  INFO [main] Logreports:26 - Yatra.com | Delhi to Chennai flights
2020-12-15 11:25:58,702  INFO [main] Logreports:26 - assertion passed:43,963
2020-12-15 11:26:05,504  INFO [main] Logreports:26 - assertion passed:Review Your Booking
2020-12-15 11:26:05,572  INFO [main] Logreports:26 - assertion passed:13:15
2020-12-15 11:26:05,829  INFO [main] Logreports:26 - assertion passed:06:10
2020-12-15 11:26:06,032  INFO [main] Logreports:26 - assertion passed:16:00
2020-12-15 11:26:06,087  INFO [main] Logreports:26 - assertion passed:09:00
2020-12-15 11:26:06,164  INFO [main] Logreports:26 - assertion passed:Vistara Business
UK - 837
2020-12-15 11:26:06,231  INFO [main] Logreports:26 - assertion passed:Air India
AI - 440
2020-12-15 11:43:17,357  INFO [main] Logreports:26 - chrome launched successfully
2020-12-15 11:43:30,276  INFO [main] Logreports:26 - url launched successfully
2020-12-15 11:43:43,147  INFO [main] Logreports:26 - chrome launched successfully
2020-12-15 11:43:54,967  INFO [main] Logreports:26 - url launched successfully
2020-12-15 11:43:58,102  INFO [main] Logreports:26 - element is dispalyed
2020-12-15 11:43:58,176  INFO [main] Logreports:26 - images Displayedfalse
2020-12-15 11:43:58,219  INFO [main] Logreports:26 - images Displayedtrue
2020-12-15 11:43:58,288  INFO [main] Logreports:26 - images Displayedtrue
2020-12-15 11:43:58,345  INFO [main] Logreports:26 - images Displayedtrue
2020-12-15 11:43:58,386  INFO [main] Logreports:26 - images Displayedtrue
2020-12-15 11:43:58,424  INFO [main] Logreports:26 - images Displayedtrue
2020-12-15 11:43:58,453  INFO [main] Logreports:26 - images Displayedtrue
2020-12-15 11:43:58,744  INFO [main] Logreports:26 - images Displayedtrue
2020-12-15 11:45:15,654  INFO [main] Logreports:26 - chrome launched successfully
2020-12-15 11:45:29,543  INFO [main] Logreports:26 - url launched successfully
2020-12-15 11:46:02,237  INFO [main] Logreports:26 - Yatra.com | Delhi to Chennai flights
2020-12-15 11:46:02,807  INFO [main] Logreports:26 - assertion passed:43,963
2020-12-15 11:46:16,486  INFO [main] Logreports:26 - assertion passed:Review Your Booking
2020-12-15 11:46:16,541  INFO [main] Logreports:26 - assertion passed:13:15
2020-12-15 11:46:16,590  INFO [main] Logreports:26 - assertion passed:06:10
2020-12-15 11:46:16,678  INFO [main] Logreports:26 - assertion passed:16:00
2020-12-15 11:46:16,766  INFO [main] Logreports:26 - assertion passed:09:00
2020-12-15 11:46:16,853  INFO [main] Logreports:26 - assertion passed:Vistara Business
UK - 837
2020-12-15 11:46:16,958  INFO [main] Logreports:26 - assertion passed:Air India
AI - 440
2020-12-15 11:46:23,558  INFO [main] Logreports:26 - chrome launched successfully
2020-12-15 11:46:38,943  INFO [main] Logreports:26 - url launched successfully
2020-12-15 12:01:52,392  INFO [main] Logreports:26 - chrome launched successfully
2020-12-15 12:02:04,991  INFO [main] Logreports:26 - url launched successfully
2020-12-15 12:02:38,814  INFO [main] Logreports:26 - Yatra.com | Delhi to Chennai flights
2020-12-15 12:02:39,490  INFO [main] Logreports:26 - assertion passed:43,963
2020-12-15 12:02:45,728  INFO [main] Logreports:26 - assertion passed:Review Your Booking
2020-12-15 12:02:45,903  INFO [main] Logreports:26 - assertion passed:13:15
2020-12-15 12:02:46,065  INFO [main] Logreports:26 - assertion passed:06:10
2020-12-15 12:02:46,112  INFO [main] Logreports:26 - assertion passed:16:00
2020-12-15 12:02:46,173  INFO [main] Logreports:26 - assertion passed:09:00
2020-12-15 12:02:46,224  INFO [main] Logreports:26 - assertion passed:Vistara Business
UK - 837
2020-12-15 12:02:46,268  INFO [main] Logreports:26 - assertion passed:Air India
AI - 440
2020-12-15 12:02:50,432  INFO [main] Logreports:26 - chrome launched successfully
2020-12-15 12:03:02,147  INFO [main] Logreports:26 - url launched successfully
2020-12-15 12:03:04,936  INFO [main] Logreports:26 - element is dispalyed
2020-12-15 12:03:05,112  INFO [main] Logreports:26 - images Displayedfalse
2020-12-15 12:03:05,150  INFO [main] Logreports:26 - images Displayedtrue
2020-12-15 12:03:05,206  INFO [main] Logreports:26 - images Displayedtrue
2020-12-15 12:03:05,257  INFO [main] Logreports:26 - images Displayedtrue
2020-12-15 12:03:05,301  INFO [main] Logreports:26 - images Displayedtrue
2020-12-15 12:03:05,333  INFO [main] Logreports:26 - images Displayedtrue
2020-12-15 12:03:05,366  INFO [main] Logreports:26 - images Displayedtrue
2020-12-15 12:03:05,400  INFO [main] Logreports:26 - images Displayedtrue
2020-12-15 12:33:26,035  INFO [main] Logreports:26 - chrome launched successfully
2020-12-15 12:33:48,653  INFO [main] Logreports:26 - url launched successfully
2020-12-15 12:34:38,141  INFO [main] Logreports:26 - Yatra.com | Delhi to Chennai flights
2020-12-15 12:34:39,149  INFO [main] Logreports:26 - assertion passed:43,963
2020-12-15 12:34:51,948  INFO [main] Logreports:26 - assertion passed:Review Your Booking
2020-12-15 12:34:52,019  INFO [main] Logreports:26 - assertion passed:13:15
2020-12-15 12:34:52,186  INFO [main] Logreports:26 - assertion passed:06:10
2020-12-15 12:34:52,492  INFO [main] Logreports:26 - assertion passed:16:00
2020-12-15 12:34:52,602  INFO [main] Logreports:26 - assertion passed:09:00
2020-12-15 12:34:52,671  INFO [main] Logreports:26 - assertion passed:Vistara Business
UK - 837
2020-12-15 12:34:52,750  INFO [main] Logreports:26 - assertion passed:Air India
AI - 440
2020-12-15 12:35:01,387  INFO [main] Logreports:26 - chrome launched successfully
2020-12-15 12:35:18,716  INFO [main] Logreports:26 - url launched successfully
2020-12-15 12:35:21,908  INFO [main] Logreports:26 - element is dispalyed
2020-12-15 12:35:22,090  INFO [main] Logreports:26 - images Displayedfalse
2020-12-15 12:35:22,377  INFO [main] Logreports:26 - images Displayedfalse
2020-12-15 12:35:22,429  INFO [main] Logreports:26 - images Displayedtrue
2020-12-15 12:35:22,477  INFO [main] Logreports:26 - images Displayedtrue
2020-12-15 12:35:22,513  INFO [main] Logreports:26 - images Displayedtrue
2020-12-15 12:35:22,553  INFO [main] Logreports:26 - images Displayedtrue
2020-12-15 12:35:22,593  INFO [main] Logreports:26 - images Displayedtrue
2020-12-15 12:35:22,631  INFO [main] Logreports:26 - images Displayedtrue
